# JRE version: OpenJDK Runtime Environment Temurin-21.0.10+7 (21.0.10+7) (build 21.0.10+7-LTS)
# Java VM: OpenJDK 64-Bit Server VM Temurin-21.0.10+7 (21.0.10+7-LTS, mixed mode, sharing, tiered, compressed oops, compressed class ptrs, parallel gc, windows-amd64)
GC Precious Log:
 CardTable entry size: 512
 CPUs: 4 total, 4 available
 Memory: 3499M
 Large Page Support: Disabled
 NUMA Support: Disabled
 Compressed Oops: Enabled (32-bit)
 Alignments: Space 512K, Generation 512K, Heap 2M
 Heap Min Capacity: 100M
 Heap Initial Capacity: 100M
 Heap Max Capacity: 2G
 Pre-touch: Disabled
 Parallel Workers: 4
Heap:
 PSYoungGen      total 17408K, used 7031K [0x00000000d5580000, 0x00000000d6800000, 0x0000000100000000)
  eden space 15872K, 36% used [0x00000000d5580000,0x00000000d5b29eb0,0x00000000d6500000)
  from space 1536K, 80% used [0x00000000d6500000,0x00000000d66340b0,0x00000000d6680000)
  to   space 1536K, 0% used [0x00000000d6680000,0x00000000d6680000,0x00000000d6800000)
 ParOldGen       total 68608K, used 46995K [0x0000000080000000, 0x0000000084300000, 0x00000000d5580000)
  object space 68608K, 68% used [0x0000000080000000,0x0000000082de4e28,0x0000000084300000)
 Metaspace       used 65475K, committed 66944K, reserved 1114112K
  class space    used 7040K, committed 7680K, reserved 1048576K
GC Heap History (20 events):
Event: 31.363 GC heap before
{Heap before GC invocations=29 (full 2):
 PSYoungGen      total 20480K, used 20361K [0x00000000d5580000, 0x00000000d6b80000, 0x0000000100000000)
  eden space 19456K, 99% used [0x00000000d5580000,0x00000000d687fc58,0x00000000d6880000)
  from space 1024K, 88% used [0x00000000d6a80000,0x00000000d6b62b40,0x00000000d6b80000)
  to   space 1536K, 0% used [0x00000000d6880000,0x00000000d6880000,0x00000000d6a00000)
 ParOldGen       total 68608K, used 39895K [0x0000000080000000, 0x0000000084300000, 0x00000000d5580000)
  object space 68608K, 58% used [0x0000000080000000,0x00000000826f5fa0,0x0000000084300000)
 Metaspace       used 53861K, committed 55040K, reserved 1114112K
  class space    used 5822K, committed 6336K, reserved 1048576K
}
Event: 31.365 GC heap after
{Heap after GC invocations=29 (full 2):
 PSYoungGen      total 20992K, used 1011K [0x00000000d5580000, 0x00000000d6b80000, 0x0000000100000000)
  eden space 19456K, 0% used [0x00000000d5580000,0x00000000d5580000,0x00000000d6880000)
  from space 1536K, 65% used [0x00000000d6880000,0x00000000d697cfd0,0x00000000d6a00000)
  to   space 1536K, 0% used [0x00000000d6a00000,0x00000000d6a00000,0x00000000d6b80000)
 ParOldGen       total 68608K, used 39911K [0x0000000080000000, 0x0000000084300000, 0x00000000d5580000)
  object space 68608K, 58% used [0x0000000080000000,0x00000000826f9fa0,0x0000000084300000)
 Metaspace       used 53861K, committed 55040K, reserved 1114112K
  class space    used 5822K, committed 6336K, reserved 1048576K
}
Event: 32.074 GC heap before
{Heap before GC invocations=30 (full 2):
 PSYoungGen      total 20992K, used 20465K [0x00000000d5580000, 0x00000000d6b80000, 0x0000000100000000)
  eden space 19456K, 99% used [0x00000000d5580000,0x00000000d687f5f0,0x00000000d6880000)
  from space 1536K, 65% used [0x00000000d6880000,0x00000000d697cfd0,0x00000000d6a00000)
  to   space 1536K, 0% used [0x00000000d6a00000,0x00000000d6a00000,0x00000000d6b80000)
 ParOldGen       total 68608K, used 39911K [0x0000000080000000, 0x0000000084300000, 0x00000000d5580000)
  object space 68608K, 58% used [0x0000000080000000,0x00000000826f9fa0,0x0000000084300000)
 Metaspace       used 55401K, committed 56640K, reserved 1114112K
  class space    used 5973K, committed 6528K, reserved 1048576K
}
Event: 32.080 GC heap after
{Heap after GC invocations=30 (full 2):
 PSYoungGen      total 17920K, used 1536K [0x00000000d5580000, 0x00000000d7180000, 0x0000000100000000)
  eden space 16384K, 0% used [0x00000000d5580000,0x00000000d5580000,0x00000000d6580000)
  from space 1536K, 100% used [0x00000000d6a00000,0x00000000d6b80000,0x00000000d6b80000)
  to   space 4608K, 0% used [0x00000000d6580000,0x00000000d6580000,0x00000000d6a00000)
 ParOldGen       total 68608K, used 42028K [0x0000000080000000, 0x0000000084300000, 0x00000000d5580000)
  object space 68608K, 61% used [0x0000000080000000,0x000000008290b0a8,0x0000000084300000)
 Metaspace       used 55401K, committed 56640K, reserved 1114112K
  class space    used 5973K, committed 6528K, reserved 1048576K
}
Event: 33.162 GC heap before
{Heap before GC invocations=31 (full 2):
 PSYoungGen      total 17920K, used 17920K [0x00000000d5580000, 0x00000000d7180000, 0x0000000100000000)
  eden space 16384K, 100% used [0x00000000d5580000,0x00000000d6580000,0x00000000d6580000)
  from space 1536K, 100% used [0x00000000d6a00000,0x00000000d6b80000,0x00000000d6b80000)
  to   space 4608K, 0% used [0x00000000d6580000,0x00000000d6580000,0x00000000d6a00000)
 ParOldGen       total 68608K, used 42028K [0x0000000080000000, 0x0000000084300000, 0x00000000d5580000)
  object space 68608K, 61% used [0x0000000080000000,0x000000008290b0a8,0x0000000084300000)
 Metaspace       used 57064K, committed 58368K, reserved 1114112K
  class space    used 6152K, committed 6720K, reserved 1048576K
}
Event: 33.170 GC heap after
{Heap after GC invocations=31 (full 2):
 PSYoungGen      total 18432K, used 1640K [0x00000000d5580000, 0x00000000d6a80000, 0x0000000100000000)
  eden space 16384K, 0% used [0x00000000d5580000,0x00000000d5580000,0x00000000d6580000)
  from space 2048K, 80% used [0x00000000d6580000,0x00000000d671a328,0x00000000d6780000)
  to   space 2560K, 0% used [0x00000000d6800000,0x00000000d6800000,0x00000000d6a80000)
 ParOldGen       total 68608K, used 43578K [0x0000000080000000, 0x0000000084300000, 0x00000000d5580000)
  object space 68608K, 63% used [0x0000000080000000,0x0000000082a8e870,0x0000000084300000)
 Metaspace       used 57064K, committed 58368K, reserved 1114112K
  class space    used 6152K, committed 6720K, reserved 1048576K
}
Event: 33.872 GC heap before
{Heap before GC invocations=32 (full 2):
 PSYoungGen      total 18432K, used 16019K [0x00000000d5580000, 0x00000000d6a80000, 0x0000000100000000)
  eden space 16384K, 87% used [0x00000000d5580000,0x00000000d638aca8,0x00000000d6580000)
  from space 2048K, 80% used [0x00000000d6580000,0x00000000d671a328,0x00000000d6780000)
  to   space 2560K, 0% used [0x00000000d6800000,0x00000000d6800000,0x00000000d6a80000)
 ParOldGen       total 68608K, used 43578K [0x0000000080000000, 0x0000000084300000, 0x00000000d5580000)
  object space 68608K, 63% used [0x0000000080000000,0x0000000082a8e870,0x0000000084300000)
 Metaspace       used 58475K, committed 59776K, reserved 1114112K
  class space    used 6307K, committed 6848K, reserved 1048576K
}
Event: 33.877 GC heap after
{Heap after GC invocations=32 (full 2):
 PSYoungGen      total 17920K, used 1344K [0x00000000d5580000, 0x00000000d6980000, 0x0000000100000000)
  eden space 16384K, 0% used [0x00000000d5580000,0x00000000d5580000,0x00000000d6580000)
  from space 1536K, 87% used [0x00000000d6800000,0x00000000d6950000,0x00000000d6980000)
  to   space 2048K, 0% used [0x00000000d6580000,0x00000000d6580000,0x00000000d6780000)
 ParOldGen       total 68608K, used 44507K [0x0000000080000000, 0x0000000084300000, 0x00000000d5580000)
  object space 68608K, 64% used [0x0000000080000000,0x0000000082b76c70,0x0000000084300000)
 Metaspace       used 58475K, committed 59776K, reserved 1114112K
  class space    used 6307K, committed 6848K, reserved 1048576K
}
Event: 33.877 GC heap before
{Heap before GC invocations=33 (full 3):
 PSYoungGen      total 17920K, used 1344K [0x00000000d5580000, 0x00000000d6980000, 0x0000000100000000)
  eden space 16384K, 0% used [0x00000000d5580000,0x00000000d5580000,0x00000000d6580000)
  from space 1536K, 87% used [0x00000000d6800000,0x00000000d6950000,0x00000000d6980000)
  to   space 2048K, 0% used [0x00000000d6580000,0x00000000d6580000,0x00000000d6780000)
 ParOldGen       total 68608K, used 44507K [0x0000000080000000, 0x0000000084300000, 0x00000000d5580000)
  object space 68608K, 64% used [0x0000000080000000,0x0000000082b76c70,0x0000000084300000)
 Metaspace       used 58475K, committed 59776K, reserved 1114112K
  class space    used 6307K, committed 6848K, reserved 1048576K
}
Event: 34.040 GC heap after
{Heap after GC invocations=33 (full 3):
 PSYoungGen      total 17920K, used 0K [0x00000000d5580000, 0x00000000d6980000, 0x0000000100000000)
  eden space 16384K, 0% used [0x00000000d5580000,0x00000000d5580000,0x00000000d6580000)
  from space 1536K, 0% used [0x00000000d6800000,0x00000000d6800000,0x00000000d6980000)
  to   space 2048K, 0% used [0x00000000d6580000,0x00000000d6580000,0x00000000d6780000)
 ParOldGen       total 68608K, used 42453K [0x0000000080000000, 0x0000000084300000, 0x00000000d5580000)
  object space 68608K, 61% used [0x0000000080000000,0x0000000082975790,0x0000000084300000)
 Metaspace       used 58475K, committed 59776K, reserved 1114112K
  class space    used 6307K, committed 6848K, reserved 1048576K
}
Event: 37.345 GC heap before
{Heap before GC invocations=34 (full 3):
 PSYoungGen      total 17920K, used 16384K [0x00000000d5580000, 0x00000000d6980000, 0x0000000100000000)
  eden space 16384K, 100% used [0x00000000d5580000,0x00000000d6580000,0x00000000d6580000)
  from space 1536K, 0% used [0x00000000d6800000,0x00000000d6800000,0x00000000d6980000)
  to   space 2048K, 0% used [0x00000000d6580000,0x00000000d6580000,0x00000000d6780000)
 ParOldGen       total 68608K, used 42453K [0x0000000080000000, 0x0000000084300000, 0x00000000d5580000)
  object space 68608K, 61% used [0x0000000080000000,0x0000000082975790,0x0000000084300000)
 Metaspace       used 59377K, committed 60736K, reserved 1114112K
  class space    used 6395K, committed 6976K, reserved 1048576K
}
Event: 37.350 GC heap after
{Heap after GC invocations=34 (full 3):
 PSYoungGen      total 18432K, used 768K [0x00000000d5580000, 0x00000000d6880000, 0x0000000100000000)
  eden space 16384K, 0% used [0x00000000d5580000,0x00000000d5580000,0x00000000d6580000)
  from space 2048K, 37% used [0x00000000d6580000,0x00000000d6640060,0x00000000d6780000)
  to   space 1024K, 0% used [0x00000000d6780000,0x00000000d6780000,0x00000000d6880000)
 ParOldGen       total 68608K, used 42461K [0x0000000080000000, 0x0000000084300000, 0x00000000d5580000)
  object space 68608K, 61% used [0x0000000080000000,0x0000000082977790,0x0000000084300000)
 Metaspace       used 59377K, committed 60736K, reserved 1114112K
  class space    used 6395K, committed 6976K, reserved 1048576K
}
Event: 40.161 GC heap before
{Heap before GC invocations=35 (full 3):
 PSYoungGen      total 18432K, used 17146K [0x00000000d5580000, 0x00000000d6880000, 0x0000000100000000)
  eden space 16384K, 99% used [0x00000000d5580000,0x00000000d657eb98,0x00000000d6580000)
  from space 2048K, 37% used [0x00000000d6580000,0x00000000d6640060,0x00000000d6780000)
  to   space 1024K, 0% used [0x00000000d6780000,0x00000000d6780000,0x00000000d6880000)
 ParOldGen       total 68608K, used 42461K [0x0000000080000000, 0x0000000084300000, 0x00000000d5580000)
  object space 68608K, 61% used [0x0000000080000000,0x0000000082977790,0x0000000084300000)
 Metaspace       used 61459K, committed 62784K, reserved 1114112K
  class space    used 6609K, committed 7168K, reserved 1048576K
}
Event: 40.164 GC heap after
{Heap after GC invocations=35 (full 3):
 PSYoungGen      total 17408K, used 825K [0x00000000d5580000, 0x00000000d6880000, 0x0000000100000000)
  eden space 16384K, 0% used [0x00000000d5580000,0x00000000d5580000,0x00000000d6580000)
  from space 1024K, 80% used [0x00000000d6780000,0x00000000d684e7c8,0x00000000d6880000)
  to   space 1024K, 0% used [0x00000000d6680000,0x00000000d6680000,0x00000000d6780000)
 ParOldGen       total 68608K, used 42910K [0x0000000080000000, 0x0000000084300000, 0x00000000d5580000)
  object space 68608K, 62% used [0x0000000080000000,0x00000000829e7898,0x0000000084300000)
 Metaspace       used 61459K, committed 62784K, reserved 1114112K
  class space    used 6609K, committed 7168K, reserved 1048576K
}
Event: 41.552 GC heap before
{Heap before GC invocations=36 (full 3):
 PSYoungGen      total 17408K, used 17209K [0x00000000d5580000, 0x00000000d6880000, 0x0000000100000000)
  eden space 16384K, 100% used [0x00000000d5580000,0x00000000d6580000,0x00000000d6580000)
  from space 1024K, 80% used [0x00000000d6780000,0x00000000d684e7c8,0x00000000d6880000)
  to   space 1024K, 0% used [0x00000000d6680000,0x00000000d6680000,0x00000000d6780000)
 ParOldGen       total 68608K, used 42910K [0x0000000080000000, 0x0000000084300000, 0x00000000d5580000)
  object space 68608K, 62% used [0x0000000080000000,0x00000000829e7898,0x0000000084300000)
 Metaspace       used 62364K, committed 63680K, reserved 1114112K
  class space    used 6687K, committed 7232K, reserved 1048576K
}
Event: 41.557 GC heap after
{Heap after GC invocations=36 (full 3):
 PSYoungGen      total 17408K, used 1024K [0x00000000d5580000, 0x00000000d6880000, 0x0000000100000000)
  eden space 16384K, 0% used [0x00000000d5580000,0x00000000d5580000,0x00000000d6580000)
  from space 1024K, 100% used [0x00000000d6680000,0x00000000d6780000,0x00000000d6780000)
  to   space 1024K, 0% used [0x00000000d6780000,0x00000000d6780000,0x00000000d6880000)
 ParOldGen       total 68608K, used 45076K [0x0000000080000000, 0x0000000084300000, 0x00000000d5580000)
  object space 68608K, 65% used [0x0000000080000000,0x0000000082c051e0,0x0000000084300000)
 Metaspace       used 62364K, committed 63680K, reserved 1114112K
  class space    used 6687K, committed 7232K, reserved 1048576K
}
Event: 319.043 GC heap before
{Heap before GC invocations=37 (full 3):
 PSYoungGen      total 17408K, used 17408K [0x00000000d5580000, 0x00000000d6880000, 0x0000000100000000)
  eden space 16384K, 100% used [0x00000000d5580000,0x00000000d6580000,0x00000000d6580000)
  from space 1024K, 100% used [0x00000000d6680000,0x00000000d6780000,0x00000000d6780000)
  to   space 1024K, 0% used [0x00000000d6780000,0x00000000d6780000,0x00000000d6880000)
 ParOldGen       total 68608K, used 45076K [0x0000000080000000, 0x0000000084300000, 0x00000000d5580000)
  object space 68608K, 65% used [0x0000000080000000,0x0000000082c051e0,0x0000000084300000)
 Metaspace       used 64347K, committed 65856K, reserved 1114112K
  class space    used 6967K, committed 7616K, reserved 1048576K
}
Event: 319.127 GC heap after
{Heap after GC invocations=37 (full 3):
 PSYoungGen      total 16896K, used 1021K [0x00000000d5580000, 0x00000000d6a80000, 0x0000000100000000)
  eden space 15872K, 0% used [0x00000000d5580000,0x00000000d5580000,0x00000000d6500000)
  from space 1024K, 99% used [0x00000000d6780000,0x00000000d687f458,0x00000000d6880000)
  to   space 2560K, 0% used [0x00000000d6500000,0x00000000d6500000,0x00000000d6780000)
 ParOldGen       total 68608K, used 46046K [0x0000000080000000, 0x0000000084300000, 0x00000000d5580000)
  object space 68608K, 67% used [0x0000000080000000,0x0000000082cf79d0,0x0000000084300000)
 Metaspace       used 64347K, committed 65856K, reserved 1114112K
  class space    used 6967K, committed 7616K, reserved 1048576K
}
Event: 691.075 GC heap before
{Heap before GC invocations=38 (full 3):
 PSYoungGen      total 16896K, used 16893K [0x00000000d5580000, 0x00000000d6a80000, 0x0000000100000000)
  eden space 15872K, 100% used [0x00000000d5580000,0x00000000d6500000,0x00000000d6500000)
  from space 1024K, 99% used [0x00000000d6780000,0x00000000d687f458,0x00000000d6880000)
  to   space 2560K, 0% used [0x00000000d6500000,0x00000000d6500000,0x00000000d6780000)
 ParOldGen       total 68608K, used 46046K [0x0000000080000000, 0x0000000084300000, 0x00000000d5580000)
  object space 68608K, 67% used [0x0000000080000000,0x0000000082cf79d0,0x0000000084300000)
 Metaspace       used 65109K, committed 66624K, reserved 1114112K
  class space    used 7010K, committed 7616K, reserved 1048576K
}
Event: 691.138 GC heap after
{Heap after GC invocations=38 (full 3):
 PSYoungGen      total 17408K, used 1232K [0x00000000d5580000, 0x00000000d6800000, 0x0000000100000000)
  eden space 15872K, 0% used [0x00000000d5580000,0x00000000d5580000,0x00000000d6500000)
  from space 1536K, 80% used [0x00000000d6500000,0x00000000d66340b0,0x00000000d6680000)
  to   space 1536K, 0% used [0x00000000d6680000,0x00000000d6680000,0x00000000d6800000)
 ParOldGen       total 68608K, used 46995K [0x0000000080000000, 0x0000000084300000, 0x00000000d5580000)
  object space 68608K, 68% used [0x0000000080000000,0x0000000082de4e28,0x0000000084300000)
 Metaspace       used 65109K, committed 66624K, reserved 1114112K
  class space    used 7010K, committed 7616K, reserved 1048576K
}

