# JRE version: OpenJDK Runtime Environment Temurin-21.0.10+7 (21.0.10+7) (build 21.0.10+7-LTS)
# Java VM: OpenJDK 64-Bit Server VM Temurin-21.0.10+7 (21.0.10+7-LTS, mixed mode, sharing, tiered, compressed oops, compressed class ptrs, parallel gc, windows-amd64)
GC Precious Log:
 CardTable entry size: 512
 CPUs: 4 total, 4 available
 Memory: 3499M
 Large Page Support: Disabled
 NUMA Support: Disabled
 Compressed Oops: Enabled (32-bit)
 Alignments: Space 512K, Generation 512K, Heap 2M
 Heap Min Capacity: 100M
 Heap Initial Capacity: 100M
 Heap Max Capacity: 2G
 Pre-touch: Disabled
 Parallel Workers: 4
Heap:
 PSYoungGen      total 3072K, used 1986K [0x00000000d5580000, 0x00000000d5980000, 0x0000000100000000)
  eden space 2560K, 67% used [0x00000000d5580000,0x00000000d5730900,0x00000000d5800000)
  from space 512K, 50% used [0x00000000d5880000,0x00000000d58c0000,0x00000000d5900000)
  to   space 512K, 0% used [0x00000000d5900000,0x00000000d5900000,0x00000000d5980000)
 ParOldGen       total 438272K, used 438231K [0x0000000080000000, 0x000000009ac00000, 0x00000000d5580000)
  object space 438272K, 99% used [0x0000000080000000,0x000000009abf5f08,0x000000009ac00000)
 Metaspace       used 64604K, committed 65920K, reserved 1114112K
  class space    used 6967K, committed 7488K, reserved 1048576K
GC Heap History (20 events):
Event: 57.960 GC heap before
{Heap before GC invocations=479 (full 3):
 PSYoungGen      total 3072K, used 2688K [0x00000000d5580000, 0x00000000d5a80000, 0x0000000100000000)
  eden space 2560K, 100% used [0x00000000d5580000,0x00000000d5800000,0x00000000d5800000)
  from space 512K, 25% used [0x00000000d5980000,0x00000000d59a0000,0x00000000d5a00000)
  to   space 512K, 0% used [0x00000000d5a00000,0x00000000d5a00000,0x00000000d5a80000)
 ParOldGen       total 435712K, used 435606K [0x0000000080000000, 0x000000009a980000, 0x00000000d5580000)
  object space 435712K, 99% used [0x0000000080000000,0x000000009a965a60,0x000000009a980000)
 Metaspace       used 62364K, committed 63680K, reserved 1114112K
  class space    used 6685K, committed 7232K, reserved 1048576K
}
Event: 57.963 GC heap after
{Heap after GC invocations=479 (full 3):
 PSYoungGen      total 3072K, used 496K [0x00000000d5580000, 0x00000000d5b00000, 0x0000000100000000)
  eden space 2560K, 0% used [0x00000000d5580000,0x00000000d5580000,0x00000000d5800000)
  from space 512K, 96% used [0x00000000d5a00000,0x00000000d5a7c098,0x00000000d5a80000)
  to   space 1536K, 0% used [0x00000000d5800000,0x00000000d5800000,0x00000000d5980000)
 ParOldGen       total 436224K, used 436110K [0x0000000080000000, 0x000000009aa00000, 0x00000000d5580000)
  object space 436224K, 99% used [0x0000000080000000,0x000000009a9e3998,0x000000009aa00000)
 Metaspace       used 62364K, committed 63680K, reserved 1114112K
  class space    used 6685K, committed 7232K, reserved 1048576K
}
Event: 58.064 GC heap before
{Heap before GC invocations=480 (full 3):
 PSYoungGen      total 3072K, used 3056K [0x00000000d5580000, 0x00000000d5b00000, 0x0000000100000000)
  eden space 2560K, 100% used [0x00000000d5580000,0x00000000d5800000,0x00000000d5800000)
  from space 512K, 96% used [0x00000000d5a00000,0x00000000d5a7c098,0x00000000d5a80000)
  to   space 1536K, 0% used [0x00000000d5800000,0x00000000d5800000,0x00000000d5980000)
 ParOldGen       total 436224K, used 436110K [0x0000000080000000, 0x000000009aa00000, 0x00000000d5580000)
  object space 436224K, 99% used [0x0000000080000000,0x000000009a9e3998,0x000000009aa00000)
 Metaspace       used 62369K, committed 63680K, reserved 1114112K
  class space    used 6685K, committed 7232K, reserved 1048576K
}
Event: 58.068 GC heap after
{Heap after GC invocations=480 (full 3):
 PSYoungGen      total 4096K, used 647K [0x00000000d5580000, 0x00000000d5a80000, 0x0000000100000000)
  eden space 2560K, 0% used [0x00000000d5580000,0x00000000d5580000,0x00000000d5800000)
  from space 1536K, 42% used [0x00000000d5800000,0x00000000d58a1c18,0x00000000d5980000)
  to   space 1024K, 0% used [0x00000000d5980000,0x00000000d5980000,0x00000000d5a80000)
 ParOldGen       total 436736K, used 436457K [0x0000000080000000, 0x000000009aa80000, 0x00000000d5580000)
  object space 436736K, 99% used [0x0000000080000000,0x000000009aa3a6d8,0x000000009aa80000)
 Metaspace       used 62369K, committed 63680K, reserved 1114112K
  class space    used 6685K, committed 7232K, reserved 1048576K
}
Event: 58.145 GC heap before
{Heap before GC invocations=481 (full 3):
 PSYoungGen      total 4096K, used 3207K [0x00000000d5580000, 0x00000000d5a80000, 0x0000000100000000)
  eden space 2560K, 100% used [0x00000000d5580000,0x00000000d5800000,0x00000000d5800000)
  from space 1536K, 42% used [0x00000000d5800000,0x00000000d58a1c18,0x00000000d5980000)
  to   space 1024K, 0% used [0x00000000d5980000,0x00000000d5980000,0x00000000d5a80000)
 ParOldGen       total 436736K, used 436457K [0x0000000080000000, 0x000000009aa80000, 0x00000000d5580000)
  object space 436736K, 99% used [0x0000000080000000,0x000000009aa3a6d8,0x000000009aa80000)
 Metaspace       used 62535K, committed 63808K, reserved 1114112K
  class space    used 6694K, committed 7232K, reserved 1048576K
}
Event: 58.148 GC heap after
{Heap after GC invocations=481 (full 3):
 PSYoungGen      total 3072K, used 96K [0x00000000d5580000, 0x00000000d5a00000, 0x0000000100000000)
  eden space 2560K, 0% used [0x00000000d5580000,0x00000000d5580000,0x00000000d5800000)
  from space 512K, 18% used [0x00000000d5980000,0x00000000d5998000,0x00000000d5a00000)
  to   space 512K, 0% used [0x00000000d5900000,0x00000000d5900000,0x00000000d5980000)
 ParOldGen       total 436736K, used 436473K [0x0000000080000000, 0x000000009aa80000, 0x00000000d5580000)
  object space 436736K, 99% used [0x0000000080000000,0x000000009aa3e6d8,0x000000009aa80000)
 Metaspace       used 62535K, committed 63808K, reserved 1114112K
  class space    used 6694K, committed 7232K, reserved 1048576K
}
Event: 58.273 GC heap before
{Heap before GC invocations=482 (full 3):
 PSYoungGen      total 3072K, used 2656K [0x00000000d5580000, 0x00000000d5a00000, 0x0000000100000000)
  eden space 2560K, 100% used [0x00000000d5580000,0x00000000d5800000,0x00000000d5800000)
  from space 512K, 18% used [0x00000000d5980000,0x00000000d5998000,0x00000000d5a00000)
  to   space 512K, 0% used [0x00000000d5900000,0x00000000d5900000,0x00000000d5980000)
 ParOldGen       total 436736K, used 436473K [0x0000000080000000, 0x000000009aa80000, 0x00000000d5580000)
  object space 436736K, 99% used [0x0000000080000000,0x000000009aa3e6d8,0x000000009aa80000)
 Metaspace       used 62716K, committed 64000K, reserved 1114112K
  class space    used 6709K, committed 7232K, reserved 1048576K
}
Event: 58.276 GC heap after
{Heap after GC invocations=482 (full 3):
 PSYoungGen      total 3072K, used 128K [0x00000000d5580000, 0x00000000d5a00000, 0x0000000100000000)
  eden space 2560K, 0% used [0x00000000d5580000,0x00000000d5580000,0x00000000d5800000)
  from space 512K, 25% used [0x00000000d5900000,0x00000000d5920000,0x00000000d5980000)
  to   space 512K, 0% used [0x00000000d5980000,0x00000000d5980000,0x00000000d5a00000)
 ParOldGen       total 436736K, used 436497K [0x0000000080000000, 0x000000009aa80000, 0x00000000d5580000)
  object space 436736K, 99% used [0x0000000080000000,0x000000009aa446d8,0x000000009aa80000)
 Metaspace       used 62716K, committed 64000K, reserved 1114112K
  class space    used 6709K, committed 7232K, reserved 1048576K
}
Event: 59.900 GC heap before
{Heap before GC invocations=483 (full 3):
 PSYoungGen      total 3072K, used 2688K [0x00000000d5580000, 0x00000000d5a00000, 0x0000000100000000)
  eden space 2560K, 100% used [0x00000000d5580000,0x00000000d5800000,0x00000000d5800000)
  from space 512K, 25% used [0x00000000d5900000,0x00000000d5920000,0x00000000d5980000)
  to   space 512K, 0% used [0x00000000d5980000,0x00000000d5980000,0x00000000d5a00000)
 ParOldGen       total 436736K, used 436497K [0x0000000080000000, 0x000000009aa80000, 0x00000000d5580000)
  object space 436736K, 99% used [0x0000000080000000,0x000000009aa446d8,0x000000009aa80000)
 Metaspace       used 62768K, committed 64064K, reserved 1114112K
  class space    used 6712K, committed 7232K, reserved 1048576K
}
Event: 59.904 GC heap after
{Heap after GC invocations=483 (full 3):
 PSYoungGen      total 3072K, used 512K [0x00000000d5580000, 0x00000000d5b00000, 0x0000000100000000)
  eden space 2560K, 0% used [0x00000000d5580000,0x00000000d5580000,0x00000000d5800000)
  from space 512K, 100% used [0x00000000d5980000,0x00000000d5a00000,0x00000000d5a00000)
  to   space 1536K, 0% used [0x00000000d5800000,0x00000000d5800000,0x00000000d5980000)
 ParOldGen       total 437248K, used 437185K [0x0000000080000000, 0x000000009ab00000, 0x00000000d5580000)
  object space 437248K, 99% used [0x0000000080000000,0x000000009aaf06f8,0x000000009ab00000)
 Metaspace       used 62768K, committed 64064K, reserved 1114112K
  class space    used 6712K, committed 7232K, reserved 1048576K
}
Event: 60.069 GC heap before
{Heap before GC invocations=484 (full 3):
 PSYoungGen      total 3072K, used 3072K [0x00000000d5580000, 0x00000000d5b00000, 0x0000000100000000)
  eden space 2560K, 100% used [0x00000000d5580000,0x00000000d5800000,0x00000000d5800000)
  from space 512K, 100% used [0x00000000d5980000,0x00000000d5a00000,0x00000000d5a00000)
  to   space 1536K, 0% used [0x00000000d5800000,0x00000000d5800000,0x00000000d5980000)
 ParOldGen       total 437248K, used 437185K [0x0000000080000000, 0x000000009ab00000, 0x00000000d5580000)
  object space 437248K, 99% used [0x0000000080000000,0x000000009aaf06f8,0x000000009ab00000)
 Metaspace       used 63042K, committed 64384K, reserved 1114112K
  class space    used 6745K, committed 7296K, reserved 1048576K
}
Event: 60.074 GC heap after
{Heap after GC invocations=484 (full 3):
 PSYoungGen      total 3072K, used 224K [0x00000000d5580000, 0x00000000d5a00000, 0x0000000100000000)
  eden space 2560K, 0% used [0x00000000d5580000,0x00000000d5580000,0x00000000d5800000)
  from space 512K, 43% used [0x00000000d5800000,0x00000000d5838000,0x00000000d5880000)
  to   space 1024K, 0% used [0x00000000d5900000,0x00000000d5900000,0x00000000d5a00000)
 ParOldGen       total 437760K, used 437635K [0x0000000080000000, 0x000000009ab80000, 0x00000000d5580000)
  object space 437760K, 99% used [0x0000000080000000,0x000000009ab60ef8,0x000000009ab80000)
 Metaspace       used 63042K, committed 64384K, reserved 1114112K
  class space    used 6745K, committed 7296K, reserved 1048576K
}
Event: 60.203 GC heap before
{Heap before GC invocations=485 (full 3):
 PSYoungGen      total 3072K, used 2784K [0x00000000d5580000, 0x00000000d5a00000, 0x0000000100000000)
  eden space 2560K, 100% used [0x00000000d5580000,0x00000000d5800000,0x00000000d5800000)
  from space 512K, 43% used [0x00000000d5800000,0x00000000d5838000,0x00000000d5880000)
  to   space 1024K, 0% used [0x00000000d5900000,0x00000000d5900000,0x00000000d5a00000)
 ParOldGen       total 437760K, used 437635K [0x0000000080000000, 0x000000009ab80000, 0x00000000d5580000)
  object space 437760K, 99% used [0x0000000080000000,0x000000009ab60ef8,0x000000009ab80000)
 Metaspace       used 63346K, committed 64640K, reserved 1114112K
  class space    used 6779K, committed 7296K, reserved 1048576K
}
Event: 60.206 GC heap after
{Heap after GC invocations=485 (full 3):
 PSYoungGen      total 3584K, used 492K [0x00000000d5580000, 0x00000000d5a00000, 0x0000000100000000)
  eden space 2560K, 0% used [0x00000000d5580000,0x00000000d5580000,0x00000000d5800000)
  from space 1024K, 48% used [0x00000000d5900000,0x00000000d597b078,0x00000000d5a00000)
  to   space 1024K, 0% used [0x00000000d5800000,0x00000000d5800000,0x00000000d5900000)
 ParOldGen       total 438272K, used 437787K [0x0000000080000000, 0x000000009ac00000, 0x00000000d5580000)
  object space 438272K, 99% used [0x0000000080000000,0x000000009ab86ef8,0x000000009ac00000)
 Metaspace       used 63346K, committed 64640K, reserved 1114112K
  class space    used 6779K, committed 7296K, reserved 1048576K
}
Event: 60.396 GC heap before
{Heap before GC invocations=486 (full 3):
 PSYoungGen      total 3584K, used 3003K [0x00000000d5580000, 0x00000000d5a00000, 0x0000000100000000)
  eden space 2560K, 98% used [0x00000000d5580000,0x00000000d57f3e50,0x00000000d5800000)
  from space 1024K, 48% used [0x00000000d5900000,0x00000000d597b078,0x00000000d5a00000)
  to   space 1024K, 0% used [0x00000000d5800000,0x00000000d5800000,0x00000000d5900000)
 ParOldGen       total 438272K, used 437787K [0x0000000080000000, 0x000000009ac00000, 0x00000000d5580000)
  object space 438272K, 99% used [0x0000000080000000,0x000000009ab86ef8,0x000000009ac00000)
 Metaspace       used 63647K, committed 64960K, reserved 1114112K
  class space    used 6825K, committed 7360K, reserved 1048576K
}
Event: 60.402 GC heap after
{Heap after GC invocations=486 (full 3):
 PSYoungGen      total 3584K, used 248K [0x00000000d5580000, 0x00000000d5980000, 0x0000000100000000)
  eden space 2560K, 0% used [0x00000000d5580000,0x00000000d5580000,0x00000000d5800000)
  from space 1024K, 24% used [0x00000000d5800000,0x00000000d583e0d8,0x00000000d5900000)
  to   space 512K, 0% used [0x00000000d5900000,0x00000000d5900000,0x00000000d5980000)
 ParOldGen       total 438272K, used 438011K [0x0000000080000000, 0x000000009ac00000, 0x00000000d5580000)
  object space 438272K, 99% used [0x0000000080000000,0x000000009abbeef8,0x000000009ac00000)
 Metaspace       used 63647K, committed 64960K, reserved 1114112K
  class space    used 6825K, committed 7360K, reserved 1048576K
}
Event: 61.045 GC heap before
{Heap before GC invocations=487 (full 3):
 PSYoungGen      total 3584K, used 2808K [0x00000000d5580000, 0x00000000d5980000, 0x0000000100000000)
  eden space 2560K, 100% used [0x00000000d5580000,0x00000000d5800000,0x00000000d5800000)
  from space 1024K, 24% used [0x00000000d5800000,0x00000000d583e0d8,0x00000000d5900000)
  to   space 512K, 0% used [0x00000000d5900000,0x00000000d5900000,0x00000000d5980000)
 ParOldGen       total 438272K, used 438011K [0x0000000080000000, 0x000000009ac00000, 0x00000000d5580000)
  object space 438272K, 99% used [0x0000000080000000,0x000000009abbeef8,0x000000009ac00000)
 Metaspace       used 63989K, committed 65408K, reserved 1114112K
  class space    used 6855K, committed 7424K, reserved 1048576K
}
Event: 61.051 GC heap after
{Heap after GC invocations=487 (full 3):
 PSYoungGen      total 3072K, used 256K [0x00000000d5580000, 0x00000000d5980000, 0x0000000100000000)
  eden space 2560K, 0% used [0x00000000d5580000,0x00000000d5580000,0x00000000d5800000)
  from space 512K, 50% used [0x00000000d5900000,0x00000000d5940000,0x00000000d5980000)
  to   space 512K, 0% used [0x00000000d5880000,0x00000000d5880000,0x00000000d5900000)
 ParOldGen       total 438272K, used 438139K [0x0000000080000000, 0x000000009ac00000, 0x00000000d5580000)
  object space 438272K, 99% used [0x0000000080000000,0x000000009abdeef8,0x000000009ac00000)
 Metaspace       used 63989K, committed 65408K, reserved 1114112K
  class space    used 6855K, committed 7424K, reserved 1048576K
}
Event: 61.267 GC heap before
{Heap before GC invocations=488 (full 3):
 PSYoungGen      total 3072K, used 2815K [0x00000000d5580000, 0x00000000d5980000, 0x0000000100000000)
  eden space 2560K, 99% used [0x00000000d5580000,0x00000000d57fff88,0x00000000d5800000)
  from space 512K, 50% used [0x00000000d5900000,0x00000000d5940000,0x00000000d5980000)
  to   space 512K, 0% used [0x00000000d5880000,0x00000000d5880000,0x00000000d5900000)
 ParOldGen       total 438272K, used 438139K [0x0000000080000000, 0x000000009ac00000, 0x00000000d5580000)
  object space 438272K, 99% used [0x0000000080000000,0x000000009abdeef8,0x000000009ac00000)
 Metaspace       used 64452K, committed 65792K, reserved 1114112K
  class space    used 6948K, committed 7488K, reserved 1048576K
}
Event: 61.273 GC heap after
{Heap after GC invocations=488 (full 3):
 PSYoungGen      total 3072K, used 256K [0x00000000d5580000, 0x00000000d5980000, 0x0000000100000000)
  eden space 2560K, 0% used [0x00000000d5580000,0x00000000d5580000,0x00000000d5800000)
  from space 512K, 50% used [0x00000000d5880000,0x00000000d58c0000,0x00000000d5900000)
  to   space 512K, 0% used [0x00000000d5900000,0x00000000d5900000,0x00000000d5980000)
 ParOldGen       total 438272K, used 438231K [0x0000000080000000, 0x000000009ac00000, 0x00000000d5580000)
  object space 438272K, 99% used [0x0000000080000000,0x000000009abf5f08,0x000000009ac00000)
 Metaspace       used 64452K, committed 65792K, reserved 1114112K
  class space    used 6948K, committed 7488K, reserved 1048576K
}

